[I 2023-12-03 01:11:58,033] A new study created in memory with name: no-name-010c046b-3670-4720-acc4-2baf358ed51c
[I 2023-12-03 01:12:05,445] Trial 0 finished with value: 0.6877163394897926 and parameters: {'learning_rate': 2.1882746050613497e-08, 'max_depth': 7, 'min_child_weight': 6, 'gamma': 0.0007255752325770937, 'lambda': 0.004374890582644706, 'alpha': 6.365798285471965e-08}. Best is trial 0 with value: 0.6877163394897926.
[I 2023-12-03 01:12:19,355] Trial 1 finished with value: 0.6283595069594793 and parameters: {'learning_rate': 0.0008059809714917297, 'max_depth': 1, 'min_child_weight': 5, 'gamma': 7.102671461565001e-05, 'lambda': 1.0865559037422742e-08, 'alpha': 2.2605844234821446e-06}. Best is trial 0 with value: 0.6877163394897926.
[I 2023-12-03 01:12:43,737] Trial 2 finished with value: 0.7241031756001558 and parameters: {'learning_rate': 0.04872025635373814, 'max_depth': 5, 'min_child_weight': 3, 'gamma': 0.984071191368323, 'lambda': 0.4100117872866516, 'alpha': 0.0009946968188445622}. Best is trial 2 with value: 0.7241031756001558.
[I 2023-12-03 01:12:47,718] Trial 3 finished with value: 0.694215663877636 and parameters: {'learning_rate': 0.00011309336186228598, 'max_depth': 8, 'min_child_weight': 3, 'gamma': 2.171722861362288e-06, 'lambda': 8.286540164066753e-05, 'alpha': 3.092716560115819e-06}. Best is trial 2 with value: 0.7241031756001558.
[I 2023-12-03 01:13:07,386] Trial 4 finished with value: 0.6993101558625144 and parameters: {'learning_rate': 0.026778982173670685, 'max_depth': 2, 'min_child_weight': 9, 'gamma': 0.00057300294297941, 'lambda': 0.0004970923380523836, 'alpha': 0.0006207512263767167}. Best is trial 2 with value: 0.7241031756001558.
[I 2023-12-03 01:13:12,736] Trial 5 finished with value: 0.69689645313323 and parameters: {'learning_rate': 0.00013787582753501158, 'max_depth': 9, 'min_child_weight': 10, 'gamma': 0.0004600965366665276, 'lambda': 2.679086662645416e-07, 'alpha': 1.1618569229240975e-08}. Best is trial 2 with value: 0.7241031756001558.
[I 2023-12-03 01:13:12,991] Trial 6 pruned. Trial was pruned at iteration 0.
[I 2023-12-03 01:13:13,705] Trial 7 pruned. Trial was pruned at iteration 3.
[I 2023-12-03 01:13:13,945] Trial 8 pruned. Trial was pruned at iteration 0.
[I 2023-12-03 01:13:14,173] Trial 9 pruned. Trial was pruned at iteration 0.
[I 2023-12-03 01:13:14,459] Trial 10 pruned. Trial was pruned at iteration 0.
[I 2023-12-03 01:13:14,728] Trial 11 pruned. Trial was pruned at iteration 0.
[I 2023-12-03 01:13:14,981] Trial 12 pruned. Trial was pruned at iteration 0.
[I 2023-12-03 01:13:15,396] Trial 13 pruned. Trial was pruned at iteration 1.
[I 2023-12-03 01:13:15,644] Trial 14 pruned. Trial was pruned at iteration 0.
[I 2023-12-03 01:13:15,916] Trial 15 pruned. Trial was pruned at iteration 0.
[I 2023-12-03 01:13:16,171] Trial 16 pruned. Trial was pruned at iteration 0.
[I 2023-12-03 01:13:25,679] Trial 17 finished with value: 0.7311547297452952 and parameters: {'learning_rate': 0.7649244560197641, 'max_depth': 6, 'min_child_weight': 3, 'gamma': 0.3337021081986905, 'lambda': 0.0696397462659979, 'alpha': 2.937835976113625e-05}. Best is trial 17 with value: 0.7311547297452952.
[I 2023-12-03 01:13:33,906] Trial 18 finished with value: 0.7312574056813703 and parameters: {'learning_rate': 0.938670381808221, 'max_depth': 6, 'min_child_weight': 3, 'gamma': 0.5893643135273783, 'lambda': 0.02942664785338961, 'alpha': 3.553537570716511e-05}. Best is trial 18 with value: 0.7312574056813703.
[I 2023-12-03 01:13:34,192] Trial 19 pruned. Trial was pruned at iteration 0.
[I 2023-12-03 01:13:48,544] Trial 20 finished with value: 0.7320378475575843 and parameters: {'learning_rate': 0.7470873717345925, 'max_depth': 7, 'min_child_weight': 3, 'gamma': 0.09064658697893391, 'lambda': 0.06354026919218889, 'alpha': 2.1889603543537186e-05}. Best is trial 20 with value: 0.7320378475575843.
[I 2023-12-03 01:13:57,650] Trial 21 finished with value: 0.7301904341266695 and parameters: {'learning_rate': 0.8923254965633721, 'max_depth': 7, 'min_child_weight': 3, 'gamma': 0.09850951230230741, 'lambda': 0.0754737833198037, 'alpha': 2.7863239991098054e-05}. Best is trial 20 with value: 0.7320378475575843.
[I 2023-12-03 01:14:03,825] Trial 22 pruned. Trial was pruned at iteration 39.
[I 2023-12-03 01:14:04,113] Trial 23 pruned. Trial was pruned at iteration 0.
[I 2023-12-03 01:14:26,008] Trial 24 finished with value: 0.7421680034988173 and parameters: {'learning_rate': 0.1847872252777658, 'max_depth': 8, 'min_child_weight': 3, 'gamma': 0.018821020773039734, 'lambda': 0.1092551065625063, 'alpha': 1.2720475153449921e-05}. Best is trial 24 with value: 0.7421680034988173.
[I 2023-12-03 01:14:31,707] Trial 25 pruned. Trial was pruned at iteration 27.
[I 2023-12-03 01:14:36,532] Trial 26 pruned. Trial was pruned at iteration 27.
[I 2023-12-03 01:14:36,836] Trial 27 pruned. Trial was pruned at iteration 0.
[I 2023-12-03 01:14:37,491] Trial 28 pruned. Trial was pruned at iteration 1.
[I 2023-12-03 01:15:12,910] Trial 29 finished with value: 0.746735788784473 and parameters: {'learning_rate': 0.13363876915640058, 'max_depth': 9, 'min_child_weight': 6, 'gamma': 0.002639604503752169, 'lambda': 0.0023563789176404685, 'alpha': 1.1041774406877345e-07}. Best is trial 29 with value: 0.746735788784473.
[I 2023-12-03 01:15:13,663] Trial 30 pruned. Trial was pruned at iteration 2.
[I 2023-12-03 01:15:17,822] Trial 31 pruned. Trial was pruned at iteration 23.
[I 2023-12-03 01:15:39,808] Trial 32 finished with value: 0.7405036842769489 and parameters: {'learning_rate': 0.22607859646074038, 'max_depth': 9, 'min_child_weight': 4, 'gamma': 0.0016000923074094386, 'lambda': 0.044552457157176435, 'alpha': 3.237322622276864e-06}. Best is trial 29 with value: 0.746735788784473.
[I 2023-12-03 01:15:40,570] Trial 33 pruned. Trial was pruned at iteration 2.
[I 2023-12-03 01:15:42,688] Trial 34 pruned. Trial was pruned at iteration 9.
[I 2023-12-03 01:15:43,139] Trial 35 pruned. Trial was pruned at iteration 1.
[I 2023-12-03 01:15:43,816] Trial 36 pruned. Trial was pruned at iteration 1.
[I 2023-12-03 01:15:44,553] Trial 37 pruned. Trial was pruned at iteration 2.
[I 2023-12-03 01:15:45,376] Trial 38 pruned. Trial was pruned at iteration 3.
[I 2023-12-03 01:15:46,125] Trial 39 pruned. Trial was pruned at iteration 2.
[I 2023-12-03 01:15:46,577] Trial 40 pruned. Trial was pruned at iteration 1.
[I 2023-12-03 01:15:46,881] Trial 41 pruned. Trial was pruned at iteration 0.
[I 2023-12-03 01:15:48,879] Trial 42 pruned. Trial was pruned at iteration 10.
[I 2023-12-03 01:15:49,170] Trial 43 pruned. Trial was pruned at iteration 0.
[I 2023-12-03 01:15:50,183] Trial 44 pruned. Trial was pruned at iteration 2.
[I 2023-12-03 01:15:50,488] Trial 45 pruned. Trial was pruned at iteration 0.
[I 2023-12-03 01:16:01,146] Trial 46 finished with value: 0.7360883363601947 and parameters: {'learning_rate': 0.44103664026333167, 'max_depth': 8, 'min_child_weight': 5, 'gamma': 0.004166654430212473, 'lambda': 0.029284188309981925, 'alpha': 2.767671676560905e-06}. Best is trial 29 with value: 0.746735788784473.
[I 2023-12-03 01:16:17,594] Trial 47 finished with value: 0.7393781371275259 and parameters: {'learning_rate': 0.361267501344184, 'max_depth': 8, 'min_child_weight': 5, 'gamma': 0.0059076177444147915, 'lambda': 0.0032756526978504194, 'alpha': 6.205623049938369e-07}. Best is trial 29 with value: 0.746735788784473.
[I 2023-12-03 01:16:18,345] Trial 48 pruned. Trial was pruned at iteration 2.
[I 2023-12-03 01:16:18,999] Trial 49 pruned. Trial was pruned at iteration 2.
Completed hyperparameter tuning with best ndcg@5 = 0.746735788784473.
Re-running the best trial... params = {'verbosity': 0, 'eval_metric': 'ndcg@5', 'objective': 'rank:ndcg', 'device': 'cuda', 'learning_rate': 0.13363876915640058, 'max_depth': 9, 'min_child_weight': 6, 'gamma': 0.002639604503752169, 'lambda': 0.0023563789176404685, 'alpha': 1.1041774406877345e-07}
