[I 2023-12-28 22:25:45,688] A new study created in memory with name: no-name-2ba9d2ca-0f24-4684-92f9-958d3a2dd28d
[I 2023-12-28 22:49:30,286] Trial 0 finished with value: 0.5097601715603597 and parameters: {'learning_rate': 0.00011073326017726818, 'max_depth': 4, 'min_child_weight': 6, 'gamma': 0.03206148672717641, 'lambda': 6.133513030635282e-06, 'alpha': 1.1059427184442674e-08}. Best is trial 0 with value: 0.5097601715603597.
[I 2023-12-28 23:06:02,946] Trial 1 finished with value: 0.5032943823134771 and parameters: {'learning_rate': 7.497667726072528e-08, 'max_depth': 1, 'min_child_weight': 9, 'gamma': 0.12853478790733447, 'lambda': 0.013980178407959365, 'alpha': 0.005141561538984215}. Best is trial 0 with value: 0.5097601715603597.
[I 2023-12-28 23:17:14,977] Trial 2 finished with value: 0.4885302196784247 and parameters: {'learning_rate': 0.0015609214154257414, 'max_depth': 7, 'min_child_weight': 10, 'gamma': 3.465090124554564e-06, 'lambda': 4.6046737772843225e-07, 'alpha': 8.29774422255387e-08}. Best is trial 0 with value: 0.5097601715603597.
[I 2023-12-28 23:46:15,465] Trial 3 finished with value: 0.5109835926843082 and parameters: {'learning_rate': 2.7774846808016742e-05, 'max_depth': 7, 'min_child_weight': 3, 'gamma': 0.10074941060216638, 'lambda': 2.048596648398474e-08, 'alpha': 5.7243276773449045e-08}. Best is trial 3 with value: 0.5109835926843082.
[I 2023-12-29 00:01:51,315] Trial 4 finished with value: 0.5127462462282605 and parameters: {'learning_rate': 8.751794144808585e-05, 'max_depth': 9, 'min_child_weight': 3, 'gamma': 0.005405137708888569, 'lambda': 0.0004326541074600574, 'alpha': 2.011362633517188e-05}. Best is trial 4 with value: 0.5127462462282605.
[I 2023-12-29 00:13:36,595] Trial 5 pruned. Trial was pruned at iteration 21.
[I 2023-12-29 00:25:23,373] Trial 6 pruned. Trial was pruned at iteration 21.
[I 2023-12-29 00:53:12,067] Trial 7 finished with value: 0.5120855758460395 and parameters: {'learning_rate': 1.178258995606385e-05, 'max_depth': 4, 'min_child_weight': 4, 'gamma': 6.5170858027350855e-06, 'lambda': 0.27451474677133686, 'alpha': 0.019944293639129355}. Best is trial 4 with value: 0.5127462462282605.
[I 2023-12-29 01:12:28,222] Trial 8 finished with value: 0.5150906105551825 and parameters: {'learning_rate': 4.1791604737531685e-05, 'max_depth': 6, 'min_child_weight': 4, 'gamma': 1.9083462072730234e-05, 'lambda': 3.4742270102914637e-06, 'alpha': 4.243214429683325e-05}. Best is trial 8 with value: 0.5150906105551825.
[I 2023-12-29 01:17:16,977] Trial 9 pruned. Trial was pruned at iteration 8.
[I 2023-12-29 01:19:24,747] Trial 10 pruned. Trial was pruned at iteration 3.
[I 2023-12-29 01:21:33,027] Trial 11 pruned. Trial was pruned at iteration 3.
[I 2023-12-29 03:08:59,910] Trial 12 finished with value: 0.6827391483852276 and parameters: {'learning_rate': 0.00028777865854495905, 'max_depth': 9, 'min_child_weight': 2, 'gamma': 0.002476854177173507, 'lambda': 0.00027859099191070033, 'alpha': 2.413347092742156e-06}. Best is trial 12 with value: 0.6827391483852276.
[I 2023-12-29 04:55:48,613] Trial 13 finished with value: 0.6877160267089077 and parameters: {'learning_rate': 0.000492752324073186, 'max_depth': 8, 'min_child_weight': 2, 'gamma': 0.6138978174883791, 'lambda': 3.52800339159054e-05, 'alpha': 1.6140417059571293e-06}. Best is trial 13 with value: 0.6877160267089077.
[I 2023-12-29 06:31:07,526] Trial 14 finished with value: 0.7028217501221574 and parameters: {'learning_rate': 0.0066204319157697165, 'max_depth': 8, 'min_child_weight': 2, 'gamma': 0.6398404924856648, 'lambda': 5.1255671092849846e-05, 'alpha': 9.220194617970045e-07}. Best is trial 14 with value: 0.7028217501221574.
[I 2023-12-29 08:05:19,506] Trial 15 finished with value: 0.7083422598383197 and parameters: {'learning_rate': 0.00837990158553779, 'max_depth': 8, 'min_child_weight': 2, 'gamma': 0.910334373391772, 'lambda': 2.3126780812008042e-05, 'alpha': 6.146359551431802e-07}. Best is trial 15 with value: 0.7083422598383197.
[I 2023-12-29 09:26:47,463] Trial 16 finished with value: 0.7155774175843476 and parameters: {'learning_rate': 0.009743251392225432, 'max_depth': 8, 'min_child_weight': 8, 'gamma': 0.44963578752395694, 'lambda': 1.3592213633388144e-07, 'alpha': 3.47377446046798e-07}. Best is trial 16 with value: 0.7155774175843476.
[I 2023-12-29 10:34:20,258] Trial 17 pruned. Trial was pruned at iteration 171.
[I 2023-12-29 11:53:00,918] Trial 18 finished with value: 0.7137331222333549 and parameters: {'learning_rate': 0.009774689481227604, 'max_depth': 8, 'min_child_weight': 8, 'gamma': 0.809834417872096, 'lambda': 1.7579863255843616e-07, 'alpha': 2.7324979812965867e-07}. Best is trial 16 with value: 0.7155774175843476.
[I 2023-12-29 12:10:12,509] Trial 19 pruned. Trial was pruned at iteration 43.
Completed hyperparameter tuning with best ndcg@5 = 0.7155774175843476.
Re-running the best trial... params = {'verbosity': 0, 'eval_metric': 'ndcg@5', 'learning_rate': 0.009743251392225432, 'max_depth': 8, 'min_child_weight': 8, 'gamma': 0.44963578752395694, 'lambda': 1.3592213633388144e-07, 'alpha': 3.47377446046798e-07}
