[I 2023-12-03 01:19:13,895] A new study created in memory with name: no-name-7b56e751-b1bb-4ac3-8281-777f51fa2856
[I 2023-12-03 01:19:18,568] Trial 0 finished with value: 0.7141095337247587 and parameters: {'learning_rate': 0.00010075833637851613, 'max_depth': 4, 'min_child_weight': 6, 'gamma': 3.0493882678093516e-07, 'lambda': 1.0051339923798271e-06, 'alpha': 0.0016173005736637826}. Best is trial 0 with value: 0.7141095337247587.
[I 2023-12-03 01:19:20,780] Trial 1 finished with value: 0.6856616568130421 and parameters: {'learning_rate': 1.9198789746989193e-07, 'max_depth': 2, 'min_child_weight': 7, 'gamma': 6.446434021119106e-05, 'lambda': 0.019041267559095233, 'alpha': 1.9042011797121345e-08}. Best is trial 0 with value: 0.7141095337247587.
[I 2023-12-03 01:19:30,741] Trial 2 finished with value: 0.7141552383751112 and parameters: {'learning_rate': 5.067491120232835e-05, 'max_depth': 4, 'min_child_weight': 10, 'gamma': 0.00011062666978113269, 'lambda': 1.1066000703514428e-06, 'alpha': 0.02520732793706796}. Best is trial 2 with value: 0.7141552383751112.
[I 2023-12-03 01:19:33,473] Trial 3 finished with value: 0.6952854259444206 and parameters: {'learning_rate': 1.3406835165380418e-08, 'max_depth': 3, 'min_child_weight': 2, 'gamma': 0.0590340184200962, 'lambda': 0.002445379927830683, 'alpha': 0.027013844166293675}. Best is trial 2 with value: 0.7141552383751112.
[I 2023-12-03 01:19:40,538] Trial 4 finished with value: 0.7163442895099649 and parameters: {'learning_rate': 0.001683515151494878, 'max_depth': 3, 'min_child_weight': 5, 'gamma': 2.1693986638733753e-05, 'lambda': 4.6909683672344067e-05, 'alpha': 0.4840344993288035}. Best is trial 4 with value: 0.7163442895099649.
[I 2023-12-03 01:19:47,678] Trial 5 finished with value: 0.7766375178275475 and parameters: {'learning_rate': 0.7997579845629456, 'max_depth': 7, 'min_child_weight': 7, 'gamma': 2.3465558337327233e-08, 'lambda': 0.000333490910693423, 'alpha': 0.01245917830741919}. Best is trial 5 with value: 0.7766375178275475.
[I 2023-12-03 01:19:52,408] Trial 6 finished with value: 0.7379235642726683 and parameters: {'learning_rate': 1.3878940893497653e-08, 'max_depth': 7, 'min_child_weight': 6, 'gamma': 7.687172143698665e-06, 'lambda': 7.764725015396153e-05, 'alpha': 0.06689464261880189}. Best is trial 5 with value: 0.7766375178275475.
[I 2023-12-03 01:19:52,646] Trial 7 pruned. Trial was pruned at iteration 0.
[I 2023-12-03 01:19:56,132] Trial 8 pruned. Trial was pruned at iteration 27.
[I 2023-12-03 01:20:25,338] Trial 9 finished with value: 0.7529093938030089 and parameters: {'learning_rate': 0.0011862522353683193, 'max_depth': 7, 'min_child_weight': 5, 'gamma': 0.000839124708889705, 'lambda': 3.446592971991012e-05, 'alpha': 0.031035571050260558}. Best is trial 5 with value: 0.7766375178275475.
[I 2023-12-03 01:20:50,124] Trial 10 finished with value: 0.785110953168834 and parameters: {'learning_rate': 0.3821748337490934, 'max_depth': 9, 'min_child_weight': 9, 'gamma': 1.107459848211344e-08, 'lambda': 0.7467759004716258, 'alpha': 0.9305158533329451}. Best is trial 10 with value: 0.785110953168834.
[I 2023-12-03 01:21:00,629] Trial 11 finished with value: 0.7741224415290341 and parameters: {'learning_rate': 0.7234465740091927, 'max_depth': 9, 'min_child_weight': 9, 'gamma': 1.3713422218761708e-08, 'lambda': 0.707429154339258, 'alpha': 0.6708879080923679}. Best is trial 10 with value: 0.785110953168834.
[I 2023-12-03 01:21:14,014] Trial 12 finished with value: 0.7773187469922685 and parameters: {'learning_rate': 0.7437025674182162, 'max_depth': 9, 'min_child_weight': 8, 'gamma': 1.1337743518515376e-08, 'lambda': 1.0400579653382921e-08, 'alpha': 0.6934032178114081}. Best is trial 10 with value: 0.785110953168834.
[I 2023-12-03 01:21:20,576] Trial 13 pruned. Trial was pruned at iteration 32.
[I 2023-12-03 01:21:26,197] Trial 14 pruned. Trial was pruned at iteration 32.
[I 2023-12-03 01:21:31,853] Trial 15 pruned. Trial was pruned at iteration 32.
[I 2023-12-03 01:21:32,139] Trial 16 pruned. Trial was pruned at iteration 0.
[I 2023-12-03 01:21:38,733] Trial 17 pruned. Trial was pruned at iteration 32.
[I 2023-12-03 01:22:06,453] Trial 18 finished with value: 0.7876583803354321 and parameters: {'learning_rate': 0.17341604553934992, 'max_depth': 8, 'min_child_weight': 9, 'gamma': 3.336697573775976e-08, 'lambda': 3.111603612637543e-06, 'alpha': 0.003494803651856565}. Best is trial 18 with value: 0.7876583803354321.
[I 2023-12-03 01:22:06,744] Trial 19 pruned. Trial was pruned at iteration 0.
[I 2023-12-03 01:22:11,750] Trial 20 pruned. Trial was pruned at iteration 27.
[I 2023-12-03 01:22:42,931] Trial 21 finished with value: 0.7876927365698818 and parameters: {'learning_rate': 0.18852581309909944, 'max_depth': 9, 'min_child_weight': 7, 'gamma': 1.07521337719815e-08, 'lambda': 1.2105446707674732e-07, 'alpha': 0.13501705042693476}. Best is trial 21 with value: 0.7876927365698818.
[I 2023-12-03 01:22:47,281] Trial 22 pruned. Trial was pruned at iteration 24.
[I 2023-12-03 01:22:52,231] Trial 23 pruned. Trial was pruned at iteration 24.
[I 2023-12-03 01:22:52,480] Trial 24 pruned. Trial was pruned at iteration 0.
[I 2023-12-03 01:22:52,769] Trial 25 pruned. Trial was pruned at iteration 0.
[I 2023-12-03 01:23:09,190] Trial 26 pruned. Trial was pruned at iteration 102.
[I 2023-12-03 01:23:13,043] Trial 27 pruned. Trial was pruned at iteration 24.
[I 2023-12-03 01:23:17,563] Trial 28 pruned. Trial was pruned at iteration 21.
[I 2023-12-03 01:23:17,839] Trial 29 pruned. Trial was pruned at iteration 0.
[I 2023-12-03 01:23:22,199] Trial 30 pruned. Trial was pruned at iteration 24.
[I 2023-12-03 01:23:40,288] Trial 31 pruned. Trial was pruned at iteration 98.
[I 2023-12-03 01:23:54,851] Trial 32 pruned. Trial was pruned at iteration 80.
[I 2023-12-03 01:23:58,900] Trial 33 pruned. Trial was pruned at iteration 24.
[I 2023-12-03 01:24:03,933] Trial 34 pruned. Trial was pruned at iteration 24.
[I 2023-12-03 01:24:16,414] Trial 35 finished with value: 0.7822996788998796 and parameters: {'learning_rate': 0.28198295244667737, 'max_depth': 7, 'min_child_weight': 7, 'gamma': 1.0785657497603575e-07, 'lambda': 1.0683376169650083e-08, 'alpha': 0.02183912068458191}. Best is trial 21 with value: 0.7876927365698818.
[I 2023-12-03 01:24:26,234] Trial 36 pruned. Trial was pruned at iteration 66.
[I 2023-12-03 01:24:26,539] Trial 37 pruned. Trial was pruned at iteration 0.
[I 2023-12-03 01:24:26,818] Trial 38 pruned. Trial was pruned at iteration 0.
[I 2023-12-03 01:24:27,108] Trial 39 pruned. Trial was pruned at iteration 0.
[I 2023-12-03 01:24:27,375] Trial 40 pruned. Trial was pruned at iteration 0.
[I 2023-12-03 01:24:38,673] Trial 41 finished with value: 0.7817084648502981 and parameters: {'learning_rate': 0.5027782143873312, 'max_depth': 8, 'min_child_weight': 7, 'gamma': 1.0146179211806056e-08, 'lambda': 1.1538228269209332e-08, 'alpha': 0.4032960036696535}. Best is trial 21 with value: 0.7876927365698818.
[I 2023-12-03 01:24:40,001] Trial 42 pruned. Trial was pruned at iteration 6.
[I 2023-12-03 01:24:40,403] Trial 43 pruned. Trial was pruned at iteration 0.
[I 2023-12-03 01:24:56,029] Trial 44 finished with value: 0.784021738204214 and parameters: {'learning_rate': 0.36895937096940085, 'max_depth': 8, 'min_child_weight': 6, 'gamma': 2.506278053328982e-08, 'lambda': 5.96696600022965e-07, 'alpha': 0.03336554454370623}. Best is trial 21 with value: 0.7876927365698818.
[I 2023-12-03 01:24:56,336] Trial 45 pruned. Trial was pruned at iteration 0.
[I 2023-12-03 01:24:56,828] Trial 46 pruned. Trial was pruned at iteration 1.
[I 2023-12-03 01:24:57,385] Trial 47 pruned. Trial was pruned at iteration 1.
[I 2023-12-03 01:25:13,348] Trial 48 pruned. Trial was pruned at iteration 88.
[I 2023-12-03 01:25:13,659] Trial 49 pruned. Trial was pruned at iteration 0.
Completed hyperparameter tuning with best ndcg@10 = 0.7876927365698818.
Re-running the best trial... params = {'verbosity': 0, 'eval_metric': 'ndcg@10', 'objective': 'rank:ndcg', 'device': 'cuda', 'learning_rate': 0.18852581309909944, 'max_depth': 9, 'min_child_weight': 7, 'gamma': 1.07521337719815e-08, 'lambda': 1.2105446707674732e-07, 'alpha': 0.13501705042693476}
